Step: step-credential-initializer-n9dnl:

{"level":"warn","ts":1565729600.1692848,"logger":"fallback-logger","caller":"logging/config.go:69","msg":"Fetch GitHub commit ID from kodata failed: \"ref: refs/heads/master\" is not a valid GitHub commit ID"}
{"level":"info","ts":1565729600.1701329,"logger":"fallback-logger","caller":"creds-init/main.go:40","msg":"Credentials initialized."}
Step: step-working-dir-initializer-68wq4:

{"level":"warn","ts":1565729600.491766,"logger":"fallback-logger","caller":"logging/config.go:69","msg":"Fetch GitHub commit ID from kodata failed: open /var/run/ko/HEAD: no such file or directory"}
{"level":"info","ts":1565729600.4938438,"logger":"fallback-logger","caller":"bash/main.go:65","msg":"Successfully executed command \"mkdir -p /workspace/source\""}
Step: step-place-tools:

Step: step-git-source-meta-*******-go-demo-6-pr-130-s-bldm9:

{"level":"warn","ts":1565729606.6204717,"logger":"fallback-logger","caller":"logging/config.go:69","msg":"Fetch GitHub commit ID from kodata failed: \"ref: refs/heads/master\" is not a valid GitHub commit ID"}
{"level":"info","ts":1565729607.0732572,"logger":"fallback-logger","caller":"git/git.go:102","msg":"Successfully cloned https://github.com/*******/go-demo-6.git @ 38a656725889845a791b628d8e118d550487bcf5 in path /workspace/source"}
Step: step-git-merge:

{"level":"info","msg":"Using SHAs from PULL_REFS=master:38a656725889845a791b628d8e118d550487bcf5,130:f04cbf98fe117ddfb304ea2e290979291a662f50","time":"2019-08-13T20:53:27Z"}
{"level":"debug","msg":"ran git fetch --unshallow origin f04cbf98fe117ddfb304ea2e290979291a662f50: 38a656725889845a791b628d8e118d550487bcf5: in ","time":"2019-08-13T20:53:30Z"}
{"level":"debug","msg":"ran git checkout master in ","time":"2019-08-13T20:53:30Z"}
{"level":"debug","msg":"ran git reset --hard 38a656725889845a791b628d8e118d550487bcf5 in ","time":"2019-08-13T20:53:30Z"}
{"level":"debug","msg":"ran clean --force -d . in ","time":"2019-08-13T20:53:30Z"}
{"level":"debug","msg":"ran git merge f04cbf98fe117ddfb304ea2e290979291a662f50 in ","time":"2019-08-13T20:53:30Z"}
MERGED SHA SUBJECT
f04cbf98f  Trying to extend the pipeline
Step: step-merge-pull-refs:

{"level":"debug","msg":"ran git fetch origin f04cbf98fe117ddfb304ea2e290979291a662f50: 38a656725889845a791b628d8e118d550487bcf5: in ","time":"2019-08-13T20:53:31Z"}
{"level":"debug","msg":"Unshallowed git repo in ","time":"2019-08-13T20:53:31Z"}
{"level":"debug","msg":"ran git checkout master in ","time":"2019-08-13T20:53:31Z"}
{"level":"debug","msg":"ran git reset --hard 38a656725889845a791b628d8e118d550487bcf5 in ","time":"2019-08-13T20:53:31Z"}
{"level":"debug","msg":"ran clean --force -d . in ","time":"2019-08-13T20:53:31Z"}
{"level":"debug","msg":"ran git merge f04cbf98fe117ddfb304ea2e290979291a662f50 in ","time":"2019-08-13T20:53:31Z"}
MERGED SHA SUBJECT
f04cbf98f  Trying to extend the pipeline
Step: step-create-effective-pipeline:

{"level":"info","msg":"Deleting and cloning the Jenkins X versions repo","time":"2019-08-13T20:53:32Z"}
{"level":"info","msg":"Cloning the Jenkins X versions repo https://github.com/jenkins-x/jenkins-x-versions.git with ref refs/heads/master to /builder/home/.jx/jenkins-x-versions","time":"2019-08-13T20:53:32Z"}
{"level":"info","msg":"Effective pipeline written to jenkins-x-serverless-jenkins-effective.yml","time":"2019-08-13T20:53:34Z"}
Step: step-create-tekton-crds:

{"level":"info","msg":"PipelineActivity for *******-go-demo-6-PR-130-1","time":"2019-08-13T20:53:35Z"}
{"level":"info","msg":"Applying changes ","time":"2019-08-13T20:53:35Z"}
{"level":"info","msg":"Checking if batch build reconciling is needed","time":"2019-08-13T20:53:35Z"}
{"level":"info","msg":"upserted PipelineResource *******-go-demo-6-pr-130-server for the git repository https://github.com/*******/go-demo-6.git and branch PR-130","time":"2019-08-13T20:53:35Z"}
{"level":"info","msg":"upserted Task *******-go-demo-6-pr-130-server-from-build-pack-1","time":"2019-08-13T20:53:35Z"}
{"level":"info","msg":"upserted Pipeline *******-go-demo-6-pr-130-server-1","time":"2019-08-13T20:53:35Z"}
{"level":"info","msg":"created PipelineRun *******-go-demo-6-pr-130-server-1","time":"2019-08-13T20:53:35Z"}
{"level":"info","msg":"created PipelineStructure *******-go-demo-6-pr-130-server-1","time":"2019-08-13T20:53:35Z"}
