
Showing logs for build [32mvfarcic-go-demo-6-pr-154-server-1[0m stage [32mfrom-build-pack[0m and container [32mstep-credential-initializer-h9hfz[0m
{"level":"warn","ts":1575164603.119145,"logger":"fallback-logger","caller":"logging/config.go:69","msg":"Fetch GitHub commit ID from kodata failed: \"ref: refs/heads/master\" is not a valid GitHub commit ID"}
{"level":"info","ts":1575164603.1194835,"logger":"fallback-logger","caller":"creds-init/main.go:40","msg":"Credentials initialized."}

Showing logs for build [32mvfarcic-go-demo-6-pr-154-server-1[0m stage [32mfrom-build-pack[0m and container [32mstep-working-dir-initializer-crt9q[0m
{"level":"warn","ts":1575164603.532879,"logger":"fallback-logger","caller":"logging/config.go:69","msg":"Fetch GitHub commit ID from kodata failed: open /var/run/ko/HEAD: no such file or directory"}
{"level":"info","ts":1575164603.5380888,"logger":"fallback-logger","caller":"bash/main.go:65","msg":"Successfully executed command \"mkdir -p /workspace/source\""}

Showing logs for build [32mvfarcic-go-demo-6-pr-154-server-1[0m stage [32mfrom-build-pack[0m and container [32mstep-place-tools[0m

Showing logs for build [32mvfarcic-go-demo-6-pr-154-server-1[0m stage [32mfrom-build-pack[0m and container [32mstep-git-source-vfarcic-go-demo-6-pr-154-server-lt8cw[0m
{"level":"warn","ts":1575164611.576157,"logger":"fallback-logger","caller":"logging/config.go:69","msg":"Fetch GitHub commit ID from kodata failed: \"ref: refs/heads/master\" is not a valid GitHub commit ID"}
{"level":"info","ts":1575164611.8632822,"logger":"fallback-logger","caller":"git/git.go:102","msg":"Successfully cloned https://github.com/*******/go-demo-6.git @ master in path /workspace/source"}

Showing logs for build [32mvfarcic-go-demo-6-pr-154-server-1[0m stage [32mfrom-build-pack[0m and container [32mstep-git-merge[0m
Using SHAs from PULL_REFS=master:252a742a79062522690c4eb697dd87f9f3740ce1,154:d4e78efe0e7395632d7e0ff16b78102bdf17cedd
DEBUG: ran git fetch origin d4e78efe0e7395632d7e0ff16b78102bdf17cedd: 252a742a79062522690c4eb697dd87f9f3740ce1: in 
DEBUG: Unshallowed git repo in 
DEBUG: ran git checkout master in 
DEBUG: ran git reset --hard 252a742a79062522690c4eb697dd87f9f3740ce1 in 
DEBUG: ran clean --force -d . in 
DEBUG: ran git merge d4e78efe0e7395632d7e0ff16b78102bdf17cedd in 
Merged SHA 28126a4091fab729797da2ca750f7a97e7395024 with commit message 'Merge commit 'd4e78efe0e7395632d7e0ff16b78102bdf17cedd'' into base branch master
Merged SHA d4e78efe0e7395632d7e0ff16b78102bdf17cedd with commit message 'Update values.yaml' into base branch master
Merged SHA cffd51dcd8a68244b19eb603a4b549def2385185 with commit message 'Delete hpa.yaml' into base branch master
Merged SHA a2c01116a34e04bda5b11a175d79d1a2e2a0a5b5 with commit message 'Delete canary.yaml' into base branch master

Showing logs for build [32mvfarcic-go-demo-6-pr-154-server-1[0m stage [32mfrom-build-pack[0m and container [32mstep-build-make-linux[0m
go: finding github.com/stretchr/ob** v0.1.1
go: finding github.com/pmezard/go-difflib v1.0.0
go: finding github.com/matttproud/golang_protobuf_extensions v1.0.1
go: finding github.com/stretchr/testify v1.2.2
go: finding github.com/prometheus/client_model v0.0.0-20180712105110-5c3871d89910
go: finding github.com/prometheus/procfs v0.0.0-20181204211112-1dc9a6cbc91a
go: finding github.com/prometheus/client_golang v0.9.2
go: finding github.com/prometheus/common v0.0.0-20181126121408-4724e9255275
go: finding github.com/beorn7/perks v0.0.0-20180321164747-3a771d992973
go: finding gopkg.in/mgo.v2 v2.0.0-20180705113604-9856a29383ce
go: finding github.com/golang/protobuf v1.2.0
go: finding github.com/davecgh/go-spew v1.1.1
go: finding golang.org/x/sync v0.0.0-20181108010431-42b317875d0f
go: finding golang.org/x/net v0.0.0-20181201002055-351d144fa1fc
go: downloading gopkg.in/mgo.v2 v2.0.0-20180705113604-9856a29383ce
go: downloading github.com/prometheus/client_golang v0.9.2
go: extracting github.com/prometheus/client_golang v0.9.2
go: downloading github.com/prometheus/common v0.0.0-20181126121408-4724e9255275
go: downloading github.com/beorn7/perks v0.0.0-20180321164747-3a771d992973
go: downloading github.com/prometheus/procfs v0.0.0-20181204211112-1dc9a6cbc91a
go: downloading github.com/prometheus/client_model v0.0.0-20180712105110-5c3871d89910
go: downloading github.com/golang/protobuf v1.2.0
go: extracting github.com/beorn7/perks v0.0.0-20180321164747-3a771d992973
go: extracting github.com/prometheus/client_model v0.0.0-20180712105110-5c3871d89910
go: extracting gopkg.in/mgo.v2 v2.0.0-20180705113604-9856a29383ce
go: extracting github.com/prometheus/common v0.0.0-20181126121408-4724e9255275
go: extracting github.com/prometheus/procfs v0.0.0-20181204211112-1dc9a6cbc91a
go: downloading github.com/matttproud/golang_protobuf_extensions v1.0.1
go: extracting github.com/matttproud/golang_protobuf_extensions v1.0.1
go: extracting github.com/golang/protobuf v1.2.0
CGO_ENABLED=0 GOOS=linux GOARCH=amd64 GO15VENDOREXPERIMENT=1 go build -ldflags '' -o bin/go-demo-6 main.go

Showing logs for build [32mvfarcic-go-demo-6-pr-154-server-1[0m stage [32mfrom-build-pack[0m and container [32mstep-build-container-build[0m
[36mINFO[0m[0000] No base image, nothing to extract            
[36mINFO[0m[0000] cmd: EXPOSE                                  
[36mINFO[0m[0000] Adding exposed port: 8080/tcp                
[36mINFO[0m[0000] Using files from context: [/workspace/source/bin] 
[36mINFO[0m[0000] Skipping unpacking as no commands require it. 
[36mINFO[0m[0000] Taking snapshot of full filesystem...        
[36mINFO[0m[0000] EXPOSE 8080                                  
[36mINFO[0m[0000] cmd: EXPOSE                                  
[36mINFO[0m[0000] Adding exposed port: 8080/tcp                
[36mINFO[0m[0000] No files changed in this command, skipping snapshotting. 
[36mINFO[0m[0000] ENTRYPOINT ["/go-demo-6"]                    
[36mINFO[0m[0000] No files changed in this command, skipping snapshotting. 
[36mINFO[0m[0000] Using files from context: [/workspace/source/bin] 
[36mINFO[0m[0000] COPY ./bin/ /                                
[36mINFO[0m[0000] Taking snapshot of files...                  
2019/12/01 01:43:58 pushed blob: sha256:4506a6875196a150b5f641e1e35c7ad5a50263cadd85d4c27315634769d056d5
2019/12/01 01:43:59 pushed blob: sha256:540e3975d4fffdcbadcf9204b80a9a8827dd72c020fc7d47a6a2b8f96c759fff
2019/12/01 01:43:59 036548781187.dkr.ecr.us-east-1.amazonaws.com/*******/go-demo-6:0.0.0-SNAPSHOT-PR-154-1: digest: sha256:38679bd69ac0a45d06f98177f9b577aafa247ebb3eafada4feffcabe75d0508a size: 428

Showing logs for build [32mvfarcic-go-demo-6-pr-154-server-1[0m stage [32mfrom-build-pack[0m and container [32mstep-postbuild-post-build[0m
no CVE provider running in the current ** namespace so skip adding image to be analysed

Showing logs for build [32mvfarcic-go-demo-6-pr-154-server-1[0m stage [32mfrom-build-pack[0m and container [32mstep-promote-make-preview[0m
sed -i -e "s/version:.*/version: 0.0.0-SNAPSHOT-PR-154-1/" Chart.yaml
sed -i -e "s/version:.*/version: 0.0.0-SNAPSHOT-PR-154-1/" ../*/Chart.yaml
sed -i -e "s|repository:.*|repository: 036548781187.dkr.ecr.us-east-1.amazonaws.com\/*******\/go-demo-6|" values.yaml
sed -i -e "s/tag:.*/tag: 0.0.0-SNAPSHOT-PR-154-1/" values.yaml
echo "  version: 0.0.0-SNAPSHOT-PR-154-1" >> requirements.yaml
** step helm build
WARNING: No $CHART_REPOSITORY defined so using the default value of: http://jenkins-x-chartmuseum:8080
Adding missing Helm repo: storage.googleapis.com https://storage.googleapis.com/chartmuseum.jenkins-x.io
Successfully added Helm repository storage.googleapis.com.
Adding missing Helm repo: jenkins-x-chartmuseum http://jenkins-x-chartmuseum:8080
Successfully added Helm repository jenkins-x-chartmuseum.
WARNING: No $CHART_REPOSITORY defined so using the default value of: http://jenkins-x-chartmuseum:8080
Adding missing Helm repo: chartmuseum.jenkins-x.io http://chartmuseum.jenkins-x.io
Successfully added Helm repository chartmuseum.jenkins-x.io.

Showing logs for build [32mvfarcic-go-demo-6-pr-154-server-1[0m stage [32mfrom-build-pack[0m and container [32mstep-promote-jx-preview[0m
Creating a preview
Found commit author match for: ******* with email address: viktor@farcic.com
Created environment *******-go-demo-6-pr-154
Namespace **-*******-go-demo-6-pr-154 created 
expose:
  Annotations:
    helm.sh/hook: post-install,post-upgrade
    helm.sh/hook-delete-policy: hook-succeeded
  config:
    domain: 34.206.148.101.nip.io
    exposer: Ingress
    http: "true"
preview:
  image:
    repository: 036548781187.dkr.ecr.us-east-1.amazonaws.com/*******/go-demo-6
    tag: 0.0.0-SNAPSHOT-PR-154-1
Cloning the Jenkins X versions repo https://github.com/jenkins-x/jenkins-x-versions.git with ref refs/heads/master to /builder/home/.**/jenkins-x-versions


Updating PipelineActivities *******-go-demo-6-pr-154-1 which has status Running
WARNING: preview application http://go-demo-6.**-*******-go-demo-6-pr-154.34.206.148.101.nip.io not available, error was 503 503 Service Temporarily Unavailable, delaying for: 658.328277ms
WARNING: preview application http://go-demo-6.**-*******-go-demo-6-pr-154.34.206.148.101.nip.io not available, error was 503 503 Service Temporarily Unavailable, delaying for: 869.180435ms
WARNING: preview application http://go-demo-6.**-*******-go-demo-6-pr-154.34.206.148.101.nip.io not available, error was 503 503 Service Temporarily Unavailable, delaying for: 2.682055322s
WARNING: preview application http://go-demo-6.**-*******-go-demo-6-pr-154.34.206.148.101.nip.io not available, error was 503 503 Service Temporarily Unavailable, delaying for: 3.513712011s
Preview application is now available at: http://go-demo-6.**-*******-go-demo-6-pr-154.34.206.148.101.nip.io
