
Showing logs for build [32mvfarcic-go-demo-6-pr-145-server-1[0m stage [32mmeta-pipeline[0m and container [32mstep-credential-initializer-k8cbk[0m
{"level":"warn","ts":1568884772.9515948,"logger":"fallback-logger","caller":"logging/config.go:69","msg":"Fetch GitHub commit ID from kodata failed: \"ref: refs/heads/master\" is not a valid GitHub commit ID"}
{"level":"info","ts":1568884772.9519858,"logger":"fallback-logger","caller":"creds-init/main.go:40","msg":"Credentials initialized."}

Showing logs for build [32mvfarcic-go-demo-6-pr-145-server-1[0m stage [32mmeta-pipeline[0m and container [32mstep-working-dir-initializer-6tsms[0m
{"level":"warn","ts":1568884774.2394009,"logger":"fallback-logger","caller":"logging/config.go:69","msg":"Fetch GitHub commit ID from kodata failed: open /var/run/ko/HEAD: no such file or directory"}
{"level":"info","ts":1568884774.2405665,"logger":"fallback-logger","caller":"bash/main.go:65","msg":"Successfully executed command \"mkdir -p /workspace/source\""}

Showing logs for build [32mvfarcic-go-demo-6-pr-145-server-1[0m stage [32mmeta-pipeline[0m and container [32mstep-place-tools[0m

Showing logs for build [32mvfarcic-go-demo-6-pr-145-server-1[0m stage [32mmeta-pipeline[0m and container [32mstep-git-source-meta-vfarcic-go-demo-6-pr-145-s-2h65f[0m
{"level":"warn","ts":1568884779.3152213,"logger":"fallback-logger","caller":"logging/config.go:69","msg":"Fetch GitHub commit ID from kodata failed: \"ref: refs/heads/master\" is not a valid GitHub commit ID"}
{"level":"info","ts":1568884779.6560829,"logger":"fallback-logger","caller":"git/git.go:102","msg":"Successfully cloned https://github.com/*******/go-demo-6.git @ ca4a81a06524bedefac4b6e7e383a69fac1419b2 in path /workspace/source"}

Showing logs for build [32mvfarcic-go-demo-6-pr-145-server-1[0m stage [32mmeta-pipeline[0m and container [32mstep-git-merge[0m
Using SHAs from PULL_REFS=master:ca4a81a06524bedefac4b6e7e383a69fac1419b2,145:7e3c39787ea741d49b470f89b38f37dd56b1e9b9
DEBUG: ran git fetch --unshallow origin 7e3c39787ea741d49b470f89b38f37dd56b1e9b9: ca4a81a06524bedefac4b6e7e383a69fac1419b2: in 
DEBUG: ran git checkout master in 
DEBUG: ran git reset --hard ca4a81a06524bedefac4b6e7e383a69fac1419b2 in 
DEBUG: ran clean --force -d . in 
DEBUG: ran git merge 7e3c39787ea741d49b470f89b38f37dd56b1e9b9 in 
Merged SHA 7e3c39787ea741d49b470f89b38f37dd56b1e9b9 with commit message 'This is a PR' into base branch master

Showing logs for build [32mvfarcic-go-demo-6-pr-145-server-1[0m stage [32mmeta-pipeline[0m and container [32mstep-merge-pull-refs[0m
DEBUG: ran git fetch origin 7e3c39787ea741d49b470f89b38f37dd56b1e9b9: ca4a81a06524bedefac4b6e7e383a69fac1419b2: in 
DEBUG: Unshallowed git repo in 
DEBUG: ran git checkout master in 
DEBUG: ran git reset --hard ca4a81a06524bedefac4b6e7e383a69fac1419b2 in 
DEBUG: ran clean --force -d . in 
DEBUG: ran git merge 7e3c39787ea741d49b470f89b38f37dd56b1e9b9 in 
Merged SHA 7e3c39787ea741d49b470f89b38f37dd56b1e9b9 with commit message 'This is a PR' into base branch master

Showing logs for build [32mvfarcic-go-demo-6-pr-145-server-1[0m stage [32mmeta-pipeline[0m and container [32mstep-create-effective-pipeline[0m
Deleting and cloning the Jenkins X versions repo
Cloning the Jenkins X versions repo https://github.com/jenkins-x/jenkins-x-versions.git with ref refs/heads/master to /builder/home/.jx/jenkins-x-versions
Effective pipeline written to jenkins-x-serverless-jenkins-effective.yml

Showing logs for build [32mvfarcic-go-demo-6-pr-145-server-1[0m stage [32mmeta-pipeline[0m and container [32mstep-create-tekton-crds[0m
PipelineActivity for *******-go-demo-6-PR-145-1
Applying changes 
upserted PipelineResource *******-go-demo-6-pr-145-server for the git repository https://github.com/*******/go-demo-6.git
upserted Task *******-go-demo-6-pr-145-server-from-build-pack-1
upserted Pipeline *******-go-demo-6-pr-145-server-1
created PipelineRun *******-go-demo-6-pr-145-server-1
created PipelineStructure *******-go-demo-6-pr-145-server-1

Showing logs for build [32mvfarcic-go-demo-6-pr-145-server-1[0m stage [32mfrom-build-pack[0m and container [32mstep-credential-initializer-897fh[0m
{"level":"warn","ts":1568884788.5087245,"logger":"fallback-logger","caller":"logging/config.go:69","msg":"Fetch GitHub commit ID from kodata failed: \"ref: refs/heads/master\" is not a valid GitHub commit ID"}
{"level":"info","ts":1568884788.5093584,"logger":"fallback-logger","caller":"creds-init/main.go:40","msg":"Credentials initialized."}

Showing logs for build [32mvfarcic-go-demo-6-pr-145-server-1[0m stage [32mfrom-build-pack[0m and container [32mstep-working-dir-initializer-xvtm6[0m
{"level":"warn","ts":1568884789.588302,"logger":"fallback-logger","caller":"logging/config.go:69","msg":"Fetch GitHub commit ID from kodata failed: open /var/run/ko/HEAD: no such file or directory"}
{"level":"info","ts":1568884789.5894217,"logger":"fallback-logger","caller":"bash/main.go:65","msg":"Successfully executed command \"mkdir -p /workspace/source /workspace/source/charts/preview\""}

Showing logs for build [32mvfarcic-go-demo-6-pr-145-server-1[0m stage [32mfrom-build-pack[0m and container [32mstep-place-tools[0m

Showing logs for build [32mvfarcic-go-demo-6-pr-145-server-1[0m stage [32mfrom-build-pack[0m and container [32mstep-git-source-vfarcic-go-demo-6-pr-145-server-sblnl[0m
{"level":"warn","ts":1568884796.6412342,"logger":"fallback-logger","caller":"logging/config.go:69","msg":"Fetch GitHub commit ID from kodata failed: \"ref: refs/heads/master\" is not a valid GitHub commit ID"}
{"level":"info","ts":1568884797.014336,"logger":"fallback-logger","caller":"git/git.go:102","msg":"Successfully cloned https://github.com/*******/go-demo-6.git @ master in path /workspace/source"}

Showing logs for build [32mvfarcic-go-demo-6-pr-145-server-1[0m stage [32mfrom-build-pack[0m and container [32mstep-git-merge[0m
Using SHAs from PULL_REFS=master:ca4a81a06524bedefac4b6e7e383a69fac1419b2,145:7e3c39787ea741d49b470f89b38f37dd56b1e9b9
DEBUG: ran git fetch --unshallow origin 7e3c39787ea741d49b470f89b38f37dd56b1e9b9: ca4a81a06524bedefac4b6e7e383a69fac1419b2: in 
DEBUG: ran git checkout master in 
DEBUG: ran git reset --hard ca4a81a06524bedefac4b6e7e383a69fac1419b2 in 
DEBUG: ran clean --force -d . in 
DEBUG: ran git merge 7e3c39787ea741d49b470f89b38f37dd56b1e9b9 in 
Merged SHA 7e3c39787ea741d49b470f89b38f37dd56b1e9b9 with commit message 'This is a PR' into base branch master

Showing logs for build [32mvfarcic-go-demo-6-pr-145-server-1[0m stage [32mfrom-build-pack[0m and container [32mstep-build-make-linux[0m
go: finding github.com/stretchr/testify v1.2.2
go: finding github.com/pmezard/go-difflib v1.0.0
go: finding github.com/matttproud/golang_protobuf_extensions v1.0.1
go: finding github.com/beorn7/perks v0.0.0-20180321164747-3a771d992973
go: finding github.com/prometheus/procfs v0.0.0-20181204211112-1dc9a6cbc91a
go: finding github.com/prometheus/client_model v0.0.0-20180712105110-5c3871d89910
go: finding github.com/stretchr/objx v0.1.1
go: finding github.com/golang/protobuf v1.2.0
go: finding github.com/prometheus/client_golang v0.9.2
go: finding github.com/prometheus/common v0.0.0-20181126121408-4724e9255275
go: finding github.com/davecgh/go-spew v1.1.1
go: finding golang.org/x/sync v0.0.0-20181108010431-42b317875d0f
go: finding golang.org/x/net v0.0.0-20181201002055-351d144fa1fc
go: finding gopkg.in/mgo.v2 v2.0.0-20180705113604-9856a29383ce
go: downloading gopkg.in/mgo.v2 v2.0.0-20180705113604-9856a29383ce
go: downloading github.com/prometheus/client_golang v0.9.2
go: extracting github.com/prometheus/client_golang v0.9.2
go: downloading github.com/prometheus/common v0.0.0-20181126121408-4724e9255275
go: downloading github.com/beorn7/perks v0.0.0-20180321164747-3a771d992973
go: downloading github.com/prometheus/client_model v0.0.0-20180712105110-5c3871d89910
go: downloading github.com/prometheus/procfs v0.0.0-20181204211112-1dc9a6cbc91a
go: downloading github.com/golang/protobuf v1.2.0
go: extracting github.com/beorn7/perks v0.0.0-20180321164747-3a771d992973
go: extracting github.com/prometheus/client_model v0.0.0-20180712105110-5c3871d89910
go: extracting gopkg.in/mgo.v2 v2.0.0-20180705113604-9856a29383ce
go: extracting github.com/prometheus/common v0.0.0-20181126121408-4724e9255275
go: extracting github.com/prometheus/procfs v0.0.0-20181204211112-1dc9a6cbc91a
go: downloading github.com/matttproud/golang_protobuf_extensions v1.0.1
go: extracting github.com/matttproud/golang_protobuf_extensions v1.0.1
go: extracting github.com/golang/protobuf v1.2.0
CGO_ENABLED=0 GOOS=linux GOARCH=amd64 GO15VENDOREXPERIMENT=1 go build -ldflags '' -o bin/go-demo-6 main.go

Showing logs for build [32mvfarcic-go-demo-6-pr-145-server-1[0m stage [32mfrom-build-pack[0m and container [32mstep-build-container-build[0m
[36mINFO[0m[0000] No base image, nothing to extract            
[36mINFO[0m[0000] cmd: EXPOSE                                  
[36mINFO[0m[0000] Adding exposed port: 8080/tcp                
[36mINFO[0m[0000] Using files from context: [/workspace/source/bin] 
[36mINFO[0m[0000] Skipping unpacking as no commands require it. 
[36mINFO[0m[0000] Taking snapshot of full filesystem...        
[36mINFO[0m[0000] EXPOSE 8080                                  
[36mINFO[0m[0000] cmd: EXPOSE                                  
[36mINFO[0m[0000] Adding exposed port: 8080/tcp                
[36mINFO[0m[0000] No files changed in this command, skipping snapshotting. 
[36mINFO[0m[0000] ENTRYPOINT ["/go-demo-6"]                    
[36mINFO[0m[0000] No files changed in this command, skipping snapshotting. 
[36mINFO[0m[0000] Using files from context: [/workspace/source/bin] 
[36mINFO[0m[0000] COPY ./bin/ /                                
[36mINFO[0m[0000] Taking snapshot of files...                  
2019/09/19 09:20:24 pushed blob: sha256:d5c783f1312272e9109c2d6778602515b9d777**84ff6ae2fb69ac3acb09fc93
2019/09/19 09:20:26 pushed blob: sha256:e3fe79b7813c28258c060f1c8258596df6005e7fc6342d0172072a5ea87aeb91
2019/09/19 09:20:26 gcr.io/devops-26/go-demo-6:0.0.0-SNAPSHOT-PR-145-1: digest: sha256:1bfa08a9b48155e2d633ea5fb13d7acc1c7fd4d75775ba2db486af1357df9991 size: 428

Showing logs for build [32mvfarcic-go-demo-6-pr-145-server-1[0m stage [32mfrom-build-pack[0m and container [32mstep-postbuild-post-build[0m
no CVE provider running in the current ** namespace so skip adding image to be analysed

Showing logs for build [32mvfarcic-go-demo-6-pr-145-server-1[0m stage [32mfrom-build-pack[0m and container [32mstep-promote-make-preview[0m
sed -i -e "s/version:.*/version: 0.0.0-SNAPSHOT-PR-145-1/" Chart.yaml
sed -i -e "s/version:.*/version: 0.0.0-SNAPSHOT-PR-145-1/" ../*/Chart.yaml
sed -i -e "s|repository:.*|repository: gcr.io\/devops-26\/go-demo-6|" values.yaml
sed -i -e "s/tag:.*/tag: 0.0.0-SNAPSHOT-PR-145-1/" values.yaml
echo "  version: 0.0.0-SNAPSHOT-PR-145-1" >> requirements.yaml
jx step helm build
WARNING: No $CHART_REPOSITORY defined so using the default value of: http://jenkins-x-chartmuseum:8080
Adding missing Helm repo: storage.googleapis.com https://storage.googleapis.com/chartmuseum.jenkins-x.io
Successfully added Helm repository storage.googleapis.com.
Adding missing Helm repo: jenkins-x-chartmuseum http://jenkins-x-chartmuseum:8080
Successfully added Helm repository jenkins-x-chartmuseum.
WARNING: No $CHART_REPOSITORY defined so using the default value of: http://jenkins-x-chartmuseum:8080
Adding missing Helm repo: chartmuseum.jenkins-x.io http://chartmuseum.jenkins-x.io
Successfully added Helm repository chartmuseum.jenkins-x.io.

Showing logs for build [32mvfarcic-go-demo-6-pr-145-server-1[0m stage [32mfrom-build-pack[0m and container [32mstep-promote-jx-preview[0m
Creating a preview
WARNING: No author for commit: 7e3c39787ea741d49b470f89b38f37dd56b1e9b9
Created environment *******-go-demo-6-pr-145
Namespace **-*******-go-demo-6-pr-145 created 
expose:
  Annotations:
    helm.sh/hook: post-install,post-upgrade
    helm.sh/hook-delete-policy: hook-succeeded
  config:
    domain: 35.231.17.157.nip.io
    exposer: Ingress
    http: "true"
preview:
  image:
    repository: gcr.io/devops-26/go-demo-6
    tag: 0.0.0-SNAPSHOT-PR-145-1
Deleting and cloning the Jenkins X versions repo
Cloning the Jenkins X versions repo https://github.com/jenkins-x/jenkins-x-versions.git with ref refs/heads/master to /builder/home/.jx/jenkins-x-versions


Updating PipelineActivities *******-go-demo-6-pr-145-1 which has status Running
WARNING: preview application http://go-demo-6.**-*******-go-demo-6-pr-145.35.231.17.157.nip.io not available, error was 503 503 Service Temporarily Unavailable, delaying for: 1.192024588s
WARNING: preview application http://go-demo-6.**-*******-go-demo-6-pr-145.35.231.17.157.nip.io not available, error was 503 503 Service Temporarily Unavailable, delaying for: 1.561649783s
WARNING: preview application http://go-demo-6.**-*******-go-demo-6-pr-145.35.231.17.157.nip.io not available, error was 503 503 Service Temporarily Unavailable, delaying for: 2.077092453s
WARNING: preview application http://go-demo-6.**-*******-go-demo-6-pr-145.35.231.17.157.nip.io not available, error was 503 503 Service Temporarily Unavailable, delaying for: 2.639523358s
Preview application is now available at: http://go-demo-6.**-*******-go-demo-6-pr-145.35.231.17.157.nip.io
