
Showing logs for build [32mvfarcic-go-demo-6-pr-155-server-1[0m stage [32mfrom-build-pack[0m and container [32mstep-credential-initializer-vjdt7[0m
{"level":"warn","ts":1575164634.910749,"logger":"fallback-logger","caller":"logging/config.go:69","msg":"Fetch GitHub commit ID from kodata failed: \"ref: refs/heads/master\" is not a valid GitHub commit ID"}
{"level":"info","ts":1575164634.9110916,"logger":"fallback-logger","caller":"creds-init/main.go:40","msg":"Credentials initialized."}

Showing logs for build [32mvfarcic-go-demo-6-pr-155-server-1[0m stage [32mfrom-build-pack[0m and container [32mstep-working-dir-initializer-5j7kr[0m
{"level":"warn","ts":1575164636.235673,"logger":"fallback-logger","caller":"logging/config.go:69","msg":"Fetch GitHub commit ID from kodata failed: open /var/run/ko/HEAD: no such file or directory"}
{"level":"info","ts":1575164636.2365868,"logger":"fallback-logger","caller":"bash/main.go:65","msg":"Successfully executed command \"mkdir -p /workspace/source\""}

Showing logs for build [32mvfarcic-go-demo-6-pr-155-server-1[0m stage [32mfrom-build-pack[0m and container [32mstep-place-tools[0m

Showing logs for build [32mvfarcic-go-demo-6-pr-155-server-1[0m stage [32mfrom-build-pack[0m and container [32mstep-git-source-vfarcic-go-demo-6-pr-155-server-wbm4j[0m
{"level":"warn","ts":1575164646.3831782,"logger":"fallback-logger","caller":"logging/config.go:69","msg":"Fetch GitHub commit ID from kodata failed: \"ref: refs/heads/master\" is not a valid GitHub commit ID"}
{"level":"info","ts":1575164646.7179537,"logger":"fallback-logger","caller":"git/git.go:102","msg":"Successfully cloned https://github.com/*******/go-demo-6.git @ master in path /workspace/source"}

Showing logs for build [32mvfarcic-go-demo-6-pr-155-server-1[0m stage [32mfrom-build-pack[0m and container [32mstep-git-merge[0m
Using SHAs from PULL_REFS=master:54de6fa705da96e8cc0f639fe04426bc3028f282,155:c799d0d609d06949f9116bc7d52574f1bbb095ae
DEBUG: ran git fetch origin c799d0d609d06949f9116bc7d52574f1bbb095ae: 54de6fa705da96e8cc0f639fe04426bc3028f282: in 
DEBUG: Unshallowed git repo in 
DEBUG: ran git checkout master in 
DEBUG: ran git reset --hard 54de6fa705da96e8cc0f639fe04426bc3028f282 in 
DEBUG: ran clean --force -d . in 
DEBUG: ran git merge c799d0d609d06949f9116bc7d52574f1bbb095ae in 
Merged SHA b85b85eea29ecce477b4ee0303305bd6cf61361b with commit message 'Merge commit 'c799d0d609d06949f9116bc7d52574f1bbb095ae'' into base branch master
Merged SHA c799d0d609d06949f9116bc7d52574f1bbb095ae with commit message 'Update values.yaml' into base branch master
Merged SHA 82a97b002f37ce791f51f973e1b3d91376b5529e with commit message 'Delete hpa.yaml' into base branch master
Merged SHA 17ca27e997dfc2705ee66a56d0e9bcd02d9eda55 with commit message 'Delete canary.yaml' into base branch master

Showing logs for build [32mvfarcic-go-demo-6-pr-155-server-1[0m stage [32mfrom-build-pack[0m and container [32mstep-build-make-linux[0m
go: finding github.com/prometheus/client_model v0.0.0-20180712105110-5c3871d89910
go: finding github.com/pmezard/go-difflib v1.0.0
go: finding github.com/prometheus/procfs v0.0.0-20181204211112-1dc9a6cbc91a
go: finding github.com/beorn7/perks v0.0.0-20180321164747-3a771d992973
go: finding github.com/golang/protobuf v1.2.0
go: finding github.com/davecgh/go-spew v1.1.1
go: finding github.com/stretchr/testify v1.2.2
go: finding github.com/matttproud/golang_protobuf_extensions v1.0.1
go: finding github.com/stretchr/ob** v0.1.1
go: finding gopkg.in/mgo.v2 v2.0.0-20180705113604-9856a29383ce
go: finding github.com/prometheus/client_golang v0.9.2
go: finding github.com/prometheus/common v0.0.0-20181126121408-4724e9255275
go: finding golang.org/x/sync v0.0.0-20181108010431-42b317875d0f
go: finding golang.org/x/net v0.0.0-20181201002055-351d144fa1fc
go: downloading gopkg.in/mgo.v2 v2.0.0-20180705113604-9856a29383ce
go: downloading github.com/prometheus/client_golang v0.9.2
go: extracting github.com/prometheus/client_golang v0.9.2
go: downloading github.com/prometheus/common v0.0.0-20181126121408-4724e9255275
go: downloading github.com/beorn7/perks v0.0.0-20180321164747-3a771d992973
go: downloading github.com/prometheus/procfs v0.0.0-20181204211112-1dc9a6cbc91a
go: downloading github.com/prometheus/client_model v0.0.0-20180712105110-5c3871d89910
go: downloading github.com/golang/protobuf v1.2.0
go: extracting github.com/beorn7/perks v0.0.0-20180321164747-3a771d992973
go: extracting gopkg.in/mgo.v2 v2.0.0-20180705113604-9856a29383ce
go: extracting github.com/prometheus/common v0.0.0-20181126121408-4724e9255275
go: extracting github.com/prometheus/client_model v0.0.0-20180712105110-5c3871d89910
go: downloading github.com/matttproud/golang_protobuf_extensions v1.0.1
go: extracting github.com/prometheus/procfs v0.0.0-20181204211112-1dc9a6cbc91a
go: extracting github.com/matttproud/golang_protobuf_extensions v1.0.1
go: extracting github.com/golang/protobuf v1.2.0
CGO_ENABLED=0 GOOS=linux GOARCH=amd64 GO15VENDOREXPERIMENT=1 go build -ldflags '' -o bin/go-demo-6 main.go

Showing logs for build [32mvfarcic-go-demo-6-pr-155-server-1[0m stage [32mfrom-build-pack[0m and container [32mstep-build-container-build[0m
[36mINFO[0m[0000] No base image, nothing to extract            
[36mINFO[0m[0000] cmd: EXPOSE                                  
[36mINFO[0m[0000] Adding exposed port: 8080/tcp                
[36mINFO[0m[0000] Using files from context: [/workspace/source/bin] 
[36mINFO[0m[0000] Skipping unpacking as no commands require it. 
[36mINFO[0m[0000] Taking snapshot of full filesystem...        
[36mINFO[0m[0000] EXPOSE 8080                                  
[36mINFO[0m[0000] cmd: EXPOSE                                  
[36mINFO[0m[0000] Adding exposed port: 8080/tcp                
[36mINFO[0m[0000] No files changed in this command, skipping snapshotting. 
[36mINFO[0m[0000] ENTRYPOINT ["/go-demo-6"]                    
[36mINFO[0m[0000] No files changed in this command, skipping snapshotting. 
[36mINFO[0m[0000] Using files from context: [/workspace/source/bin] 
[36mINFO[0m[0000] COPY ./bin/ /                                
[36mINFO[0m[0000] Taking snapshot of files...                  
2019/12/01 01:44:34 pushed blob: sha256:49d9c6b43f1251ac7fa3674ec48c654d35d575b00c4707d070e55d72d03958f0
2019/12/01 01:44:35 pushed blob: sha256:d35e3847ca6950b483305deac5598db70f81035709f37e5bb8240a3156417082
2019/12/01 01:44:35 036548781187.dkr.ecr.us-east-1.amazonaws.com/*******/go-demo-6:0.0.0-SNAPSHOT-PR-155-1: digest: sha256:a50e4d8b9f334df351c23c09871a2d360c7d5abe931d7f80fcfd8d3989f6b936 size: 428

Showing logs for build [32mvfarcic-go-demo-6-pr-155-server-1[0m stage [32mfrom-build-pack[0m and container [32mstep-postbuild-post-build[0m
no CVE provider running in the current ** namespace so skip adding image to be analysed

Showing logs for build [32mvfarcic-go-demo-6-pr-155-server-1[0m stage [32mfrom-build-pack[0m and container [32mstep-promote-make-preview[0m
sed -i -e "s/version:.*/version: 0.0.0-SNAPSHOT-PR-155-1/" Chart.yaml
sed -i -e "s/version:.*/version: 0.0.0-SNAPSHOT-PR-155-1/" ../*/Chart.yaml
sed -i -e "s|repository:.*|repository: 036548781187.dkr.ecr.us-east-1.amazonaws.com\/*******\/go-demo-6|" values.yaml
sed -i -e "s/tag:.*/tag: 0.0.0-SNAPSHOT-PR-155-1/" values.yaml
echo "  version: 0.0.0-SNAPSHOT-PR-155-1" >> requirements.yaml
** step helm build
WARNING: No $CHART_REPOSITORY defined so using the default value of: http://jenkins-x-chartmuseum:8080
Adding missing Helm repo: storage.googleapis.com https://storage.googleapis.com/chartmuseum.jenkins-x.io
Successfully added Helm repository storage.googleapis.com.
Adding missing Helm repo: jenkins-x-chartmuseum http://jenkins-x-chartmuseum:8080
Successfully added Helm repository jenkins-x-chartmuseum.
WARNING: No $CHART_REPOSITORY defined so using the default value of: http://jenkins-x-chartmuseum:8080
Adding missing Helm repo: chartmuseum.jenkins-x.io http://chartmuseum.jenkins-x.io
Successfully added Helm repository chartmuseum.jenkins-x.io.

Showing logs for build [32mvfarcic-go-demo-6-pr-155-server-1[0m stage [32mfrom-build-pack[0m and container [32mstep-promote-jx-preview[0m
Creating a preview
Found commit author match for: ******* with email address: viktor@farcic.com
Created environment *******-go-demo-6-pr-155
Namespace **-*******-go-demo-6-pr-155 created 
expose:
  Annotations:
    helm.sh/hook: post-install,post-upgrade
    helm.sh/hook-delete-policy: hook-succeeded
  config:
    domain: 34.206.148.101.nip.io
    exposer: Ingress
    http: "true"
preview:
  image:
    repository: 036548781187.dkr.ecr.us-east-1.amazonaws.com/*******/go-demo-6
    tag: 0.0.0-SNAPSHOT-PR-155-1
Cloning the Jenkins X versions repo https://github.com/jenkins-x/jenkins-x-versions.git with ref refs/heads/master to /builder/home/.**/jenkins-x-versions


Updating PipelineActivities *******-go-demo-6-pr-155-1 which has status Running
WARNING: preview application http://go-demo-6.**-*******-go-demo-6-pr-155.34.206.148.101.nip.io not available, error was 503 503 Service Temporarily Unavailable, delaying for: 1.070673276s
WARNING: preview application http://go-demo-6.**-*******-go-demo-6-pr-155.34.206.148.101.nip.io not available, error was 503 503 Service Temporarily Unavailable, delaying for: 1.195623845s
WARNING: preview application http://go-demo-6.**-*******-go-demo-6-pr-155.34.206.148.101.nip.io not available, error was 503 503 Service Temporarily Unavailable, delaying for: 3.07200378s
WARNING: preview application http://go-demo-6.**-*******-go-demo-6-pr-155.34.206.148.101.nip.io not available, error was 503 503 Service Temporarily Unavailable, delaying for: 1.783022906s
WARNING: preview application http://go-demo-6.**-*******-go-demo-6-pr-155.34.206.148.101.nip.io not available, error was 503 503 Service Temporarily Unavailable, delaying for: 7.468410696s
Preview application is now available at: http://go-demo-6.**-*******-go-demo-6-pr-155.34.206.148.101.nip.io
