
Showing logs for build [32mvfarcic-go-demo-6-pr-168-pr-bui-wgbjd-1[0m stage [32mfrom-build-pack[0m and container [32mstep-credential-initializer-4m5qk[0m
{"level":"warn","ts":1579711852.9768975,"logger":"fallback-logger","caller":"logging/config.go:69","msg":"Fetch GitHub commit ID from kodata failed: \"ref: refs/heads/0.8.0-jx-support-backwards-incompats\" is not a valid GitHub commit ID"}
{"level":"info","ts":1579711852.9772995,"logger":"fallback-logger","caller":"creds-init/main.go:40","msg":"Credentials initialized."}

Showing logs for build [32mvfarcic-go-demo-6-pr-168-pr-bui-wgbjd-1[0m stage [32mfrom-build-pack[0m and container [32mstep-working-dir-initializer-nglrn[0m
{"level":"warn","ts":1579711853.9618425,"logger":"fallback-logger","caller":"logging/config.go:69","msg":"Fetch GitHub commit ID from kodata failed: open /var/run/ko/HEAD: no such file or directory"}
{"level":"info","ts":1579711853.9628947,"logger":"fallback-logger","caller":"bash/main.go:64","msg":"Successfully executed command \"sh -c mkdir -p /workspace/source\"; output "}

Showing logs for build [32mvfarcic-go-demo-6-pr-168-pr-bui-wgbjd-1[0m stage [32mfrom-build-pack[0m and container [32mstep-place-tools[0m

Showing logs for build [32mvfarcic-go-demo-6-pr-168-pr-bui-wgbjd-1[0m stage [32mfrom-build-pack[0m and container [32mstep-git-source-vfarcic-go-demo-6-pr-168-pr-bui-r2rrn[0m
{"level":"warn","ts":1579711859.1865768,"logger":"fallback-logger","caller":"logging/config.go:69","msg":"Fetch GitHub commit ID from kodata failed: \"ref: refs/heads/0.8.0-jx-support-backwards-incompats\" is not a valid GitHub commit ID"}
{"level":"info","ts":1579711859.5685909,"logger":"fallback-logger","caller":"git/git.go:103","msg":"Successfully cloned https://github.com/*******/go-demo-6.git @ master in path /workspace/source"}

Showing logs for build [32mvfarcic-go-demo-6-pr-168-pr-bui-wgbjd-1[0m stage [32mfrom-build-pack[0m and container [32mstep-git-merge[0m
Using SHAs from PULL_REFS=master:f10a6d6b161f5c433e74067dbe782c1e57d4d195,168:bfb98a4cdcda890acb9777584d39e0487080e710
DEBUG: ran git fetch --unshallow origin bfb98a4cdcda890acb9777584d39e0487080e710: f10a6d6b161f5c433e74067dbe782c1e57d4d195: in 
DEBUG: ran git checkout master in 
DEBUG: ran git reset --hard f10a6d6b161f5c433e74067dbe782c1e57d4d195 in 
DEBUG: ran clean --force -d . in 
DEBUG: ran git merge bfb98a4cdcda890acb9777584d39e0487080e710 in 
Merged SHA bfb98a4cdcda890acb9777584d39e0487080e710 with commit message 'This is a PR' into base branch master

Showing logs for build [32mvfarcic-go-demo-6-pr-168-pr-bui-wgbjd-1[0m stage [32mfrom-build-pack[0m and container [32mstep-build-make-linux[0m
go: finding github.com/prometheus/client_golang v0.9.2
go: finding github.com/beorn7/perks v0.0.0-20180321164747-3a771d992973
go: finding github.com/matttproud/golang_protobuf_extensions v1.0.1
go: finding github.com/davecgh/go-spew v1.1.1
go: finding github.com/pmezard/go-difflib v1.0.0
go: finding github.com/stretchr/testify v1.2.2
go: finding github.com/golang/protobuf v1.2.0
go: finding github.com/stretchr/objx v0.1.1
go: finding github.com/prometheus/client_model v0.0.0-20180712105110-5c3871d89910
go: finding gopkg.in/mgo.v2 v2.0.0-20180705113604-9856a29383ce
go: finding github.com/prometheus/common v0.0.0-20181126121408-4724e9255275
go: finding github.com/prometheus/procfs v0.0.0-20181204211112-1dc9a6cbc91a
go: finding golang.org/x/net v0.0.0-20181201002055-351d144fa1fc
go: finding golang.org/x/sync v0.0.0-20181108010431-42b317875d0f
go: downloading github.com/prometheus/client_golang v0.9.2
go: downloading gopkg.in/mgo.v2 v2.0.0-20180705113604-9856a29383ce
go: extracting github.com/prometheus/client_golang v0.9.2
go: downloading github.com/prometheus/common v0.0.0-20181126121408-4724e9255275
go: downloading github.com/prometheus/procfs v0.0.0-20181204211112-1dc9a6cbc91a
go: downloading github.com/prometheus/client_model v0.0.0-20180712105110-5c3871d89910
go: downloading github.com/golang/protobuf v1.2.0
go: downloading github.com/beorn7/perks v0.0.0-20180321164747-3a771d992973
go: extracting github.com/beorn7/perks v0.0.0-20180321164747-3a771d992973
go: extracting github.com/prometheus/client_model v0.0.0-20180712105110-5c3871d89910
go: extracting github.com/prometheus/procfs v0.0.0-20181204211112-1dc9a6cbc91a
go: extracting gopkg.in/mgo.v2 v2.0.0-20180705113604-9856a29383ce
go: extracting github.com/prometheus/common v0.0.0-20181126121408-4724e9255275
go: downloading github.com/matttproud/golang_protobuf_extensions v1.0.1
go: extracting github.com/matttproud/golang_protobuf_extensions v1.0.1
go: extracting github.com/golang/protobuf v1.2.0
CGO_ENABLED=0 GOOS=linux GOARCH=amd64 GO15VENDOREXPERIMENT=1 go build -ldflags '' -o bin/go-demo-6 main.go

Showing logs for build [32mvfarcic-go-demo-6-pr-168-pr-bui-wgbjd-1[0m stage [32mfrom-build-pack[0m and container [32mstep-build-container-build[0m
[36mINFO[0m[0000] No base image, nothing to extract            
[36mINFO[0m[0000] cmd: EXPOSE                                  
[36mINFO[0m[0000] Adding exposed port: 8080/tcp                
[36mINFO[0m[0000] Using files from context: [/workspace/source/bin] 
[36mINFO[0m[0000] Skipping unpacking as no commands require it. 
[36mINFO[0m[0000] Taking snapshot of full filesystem...        
[36mINFO[0m[0000] EXPOSE 8080                                  
[36mINFO[0m[0000] cmd: EXPOSE                                  
[36mINFO[0m[0000] Adding exposed port: 8080/tcp                
[36mINFO[0m[0000] No files changed in this command, skipping snapshotting. 
[36mINFO[0m[0000] ENTRYPOINT ["/go-demo-6"]                    
[36mINFO[0m[0000] No files changed in this command, skipping snapshotting. 
[36mINFO[0m[0000] Using files from context: [/workspace/source/bin] 
[36mINFO[0m[0000] COPY ./bin/ /                                
[36mINFO[0m[0000] Taking snapshot of files...                  
2020/01/22 16:51:32 pushed blob: sha256:a2ac3bbddae41545bfe66e5ffd756072c3c53cb3db037ed3e2af52bc7a3196de
2020/01/22 16:51:33 pushed blob: sha256:f6cdb39c058c9c489c07b313be8cbc93393594873bf17e0ec176ef6b3751c7b3
2020/01/22 16:51:33 gcr.io/devops-27/go-demo-6:0.0.0-SNAPSHOT-PR-168-1: digest: sha256:b237c9bdfbf5a373eaeb5685b0eb865fc90ff926043909117ceec25abefa682a size: 428

Showing logs for build [32mvfarcic-go-demo-6-pr-168-pr-bui-wgbjd-1[0m stage [32mfrom-build-pack[0m and container [32mstep-postbuild-post-build[0m
no CVE provider running in the current ******* namespace so skip adding image to be analysed

Showing logs for build [32mvfarcic-go-demo-6-pr-168-pr-bui-wgbjd-1[0m stage [32mfrom-build-pack[0m and container [32mstep-promote-make-preview[0m
sed -i -e "s/version:.*/version: 0.0.0-SNAPSHOT-PR-168-1/" Chart.yaml
sed -i -e "s/version:.*/version: 0.0.0-SNAPSHOT-PR-168-1/" ../*/Chart.yaml
sed -i -e "s|repository:.*|repository: gcr.io\/\/go-demo-6|" values.yaml
sed -i -e "s/tag:.*/tag: 0.0.0-SNAPSHOT-PR-168-1/" values.yaml
echo "  version: 0.0.0-SNAPSHOT-PR-168-1" >> requirements.yaml
jx step helm build
WARNING: No $CHART_REPOSITORY defined so using the default value of: http://jenkins-x-chartmuseum:8080
Adding missing Helm repo: storage.googleapis.com https://storage.googleapis.com/chartmuseum.jenkins-x.io
Successfully added Helm repository storage.googleapis.com.
Adding missing Helm repo: jenkins-x-chartmuseum http://jenkins-x-chartmuseum:8080
Successfully added Helm repository jenkins-x-chartmuseum.
WARNING: No $CHART_REPOSITORY defined so using the default value of: http://jenkins-x-chartmuseum:8080
Adding missing Helm repo: chartmuseum.jenkins-x.io http://chartmuseum.jenkins-x.io
Successfully added Helm repository chartmuseum.jenkins-x.io.

Showing logs for build [32mvfarcic-go-demo-6-pr-168-pr-bui-wgbjd-1[0m stage [32mfrom-build-pack[0m and container [32mstep-promote-jx-preview[0m
Creating a preview
Created environment *******-go-demo-6-pr-168
Namespace *******-*******-go-demo-6-pr-168 created 
expose:
  Annotations:
    helm.sh/hook: post-install,post-upgrade
    helm.sh/hook-delete-policy: hook-succeeded
  config:
    domain: 104.196.131.66.nip.io
    exposer: Ingress
    http: "true"
preview:
  image:
    repository: gcr.io/devops-27/go-demo-6
    tag: 0.0.0-SNAPSHOT-PR-168-1

Updating PipelineActivities *******-go-demo-6-pr-168-1 which has status Running
WARNING: preview application http://go-demo-6.*******-*******-go-demo-6-pr-168.104.196.131.66.nip.io not available, error was 503 503 Service Temporarily Unavailable, delaying for: 818.058174ms
WARNING: preview application http://go-demo-6.*******-*******-go-demo-6-pr-168.104.196.131.66.nip.io not available, error was 503 503 Service Temporarily Unavailable, delaying for: 1.189652786s
WARNING: preview application http://go-demo-6.*******-*******-go-demo-6-pr-168.104.196.131.66.nip.io not available, error was 503 503 Service Temporarily Unavailable, delaying for: 1.582170472s
WARNING: preview application http://go-demo-6.*******-*******-go-demo-6-pr-168.104.196.131.66.nip.io not available, error was 503 503 Service Temporarily Unavailable, delaying for: 4.598408602s
WARNING: preview application http://go-demo-6.*******-*******-go-demo-6-pr-168.104.196.131.66.nip.io not available, error was 503 503 Service Temporarily Unavailable, delaying for: 6.341150993s
WARNING: preview application http://go-demo-6.*******-*******-go-demo-6-pr-168.104.196.131.66.nip.io not available, error was 503 503 Service Temporarily Unavailable, delaying for: 9.087586165s
WARNING: preview application http://go-demo-6.*******-*******-go-demo-6-pr-168.104.196.131.66.nip.io not available, error was 503 503 Service Temporarily Unavailable, delaying for: 7.498770538s
WARNING: preview application http://go-demo-6.*******-*******-go-demo-6-pr-168.104.196.131.66.nip.io not available, error was 503 503 Service Temporarily Unavailable, delaying for: 9.900508393s
WARNING: preview application http://go-demo-6.*******-*******-go-demo-6-pr-168.104.196.131.66.nip.io not available, error was 503 503 Service Temporarily Unavailable, delaying for: 30.550286397s
WARNING: preview application http://go-demo-6.*******-*******-go-demo-6-pr-168.104.196.131.66.nip.io not available, error was 503 503 Service Temporarily Unavailable, delaying for: 40.023375871s
WARNING: preview application http://go-demo-6.*******-*******-go-demo-6-pr-168.104.196.131.66.nip.io not available, error was 503 503 Service Temporarily Unavailable, delaying for: 53.233607764s
WARNING: preview application http://go-demo-6.*******-*******-go-demo-6-pr-168.104.196.131.66.nip.io not available, error was 503 503 Service Temporarily Unavailable, delaying for: 46.924859698s
WARNING: preview application http://go-demo-6.*******-*******-go-demo-6-pr-168.104.196.131.66.nip.io not available, error was 503 503 Service Temporarily Unavailable, delaying for: 1m22.832587365s
WARNING: preview application http://go-demo-6.*******-*******-go-demo-6-pr-168.104.196.131.66.nip.io not available, error was 503 503 Service Temporarily Unavailable, delaying for: 35.847277104s
error: error checking if preview application http://go-demo-6.*******-*******-go-demo-6-pr-168.104.196.131.66.nip.io is available: preview application http://go-demo-6.*******-*******-go-demo-6-pr-168.104.196.131.66.nip.io not available, error was 503 503 Service Temporarily Unavailable
[31m
Pipeline failed on stage 'from-build-pack' : container 'step-promote-jx-preview'. The execution of the pipeline has stopped.[0m
