
Showing logs for build [32mvfarcic-go-demo-6-master-releas-rlktx-13[0m stage [32mfrom-build-pack[0m and container [32mstep-credential-initializer-k98n8[0m
{"level":"warn","ts":1575164844.50525,"logger":"fallback-logger","caller":"logging/config.go:69","msg":"Fetch GitHub commit ID from kodata failed: \"ref: refs/heads/master\" is not a valid GitHub commit ID"}
{"level":"info","ts":1575164844.5056934,"logger":"fallback-logger","caller":"creds-init/main.go:40","msg":"Credentials initialized."}

Showing logs for build [32mvfarcic-go-demo-6-master-releas-rlktx-13[0m stage [32mfrom-build-pack[0m and container [32mstep-working-dir-initializer-f6wqd[0m
{"level":"warn","ts":1575164844.894364,"logger":"fallback-logger","caller":"logging/config.go:69","msg":"Fetch GitHub commit ID from kodata failed: open /var/run/ko/HEAD: no such file or directory"}
{"level":"info","ts":1575164844.895178,"logger":"fallback-logger","caller":"bash/main.go:65","msg":"Successfully executed command \"mkdir -p /workspace/source\""}

Showing logs for build [32mvfarcic-go-demo-6-master-releas-rlktx-13[0m stage [32mfrom-build-pack[0m and container [32mstep-place-tools[0m

Showing logs for build [32mvfarcic-go-demo-6-master-releas-rlktx-13[0m stage [32mfrom-build-pack[0m and container [32mstep-git-source-vfarcic-go-demo-6-master-releas-gxdh9[0m
{"level":"warn","ts":1575164851.9508462,"logger":"fallback-logger","caller":"logging/config.go:69","msg":"Fetch GitHub commit ID from kodata failed: \"ref: refs/heads/master\" is not a valid GitHub commit ID"}
{"level":"info","ts":1575164852.2436268,"logger":"fallback-logger","caller":"git/git.go:102","msg":"Successfully cloned https://github.com/*******/go-demo-6.git @ v1.0.432 in path /workspace/source"}

Showing logs for build [32mvfarcic-go-demo-6-master-releas-rlktx-13[0m stage [32mfrom-build-pack[0m and container [32mstep-git-merge[0m
Using SHAs from PULL_REFS=master:2b77856ec898c90019a08ef7426b3c320d8fce34
WARNING: no SHAs to merge, falling back to initial cloned commit

Showing logs for build [32mvfarcic-go-demo-6-master-releas-rlktx-13[0m stage [32mfrom-build-pack[0m and container [32mstep-setup-jx-git-credentials[0m
Generated Git credentials file /workspace/xdg_config/git/credentials

Showing logs for build [32mvfarcic-go-demo-6-master-releas-rlktx-13[0m stage [32mfrom-build-pack[0m and container [32mstep-build-make-build[0m
go: finding github.com/prometheus/client_model v0.0.0-20180712105110-5c3871d89910
go: finding github.com/stretchr/ob** v0.1.1
go: finding github.com/matttproud/golang_protobuf_extensions v1.0.1
go: finding github.com/stretchr/testify v1.2.2
go: finding github.com/pmezard/go-difflib v1.0.0
go: finding github.com/prometheus/procfs v0.0.0-20181204211112-1dc9a6cbc91a
go: finding github.com/prometheus/client_golang v0.9.2
go: finding github.com/prometheus/common v0.0.0-20181126121408-4724e9255275
go: finding github.com/beorn7/perks v0.0.0-20180321164747-3a771d992973
go: finding gopkg.in/mgo.v2 v2.0.0-20180705113604-9856a29383ce
go: finding github.com/golang/protobuf v1.2.0
go: finding github.com/davecgh/go-spew v1.1.1
go: finding golang.org/x/net v0.0.0-20181201002055-351d144fa1fc
go: finding golang.org/x/sync v0.0.0-20181108010431-42b317875d0f
go: downloading gopkg.in/mgo.v2 v2.0.0-20180705113604-9856a29383ce
go: downloading github.com/prometheus/client_golang v0.9.2
go: extracting github.com/prometheus/client_golang v0.9.2
go: downloading github.com/prometheus/common v0.0.0-20181126121408-4724e9255275
go: downloading github.com/beorn7/perks v0.0.0-20180321164747-3a771d992973
go: downloading github.com/prometheus/procfs v0.0.0-20181204211112-1dc9a6cbc91a
go: downloading github.com/prometheus/client_model v0.0.0-20180712105110-5c3871d89910
go: downloading github.com/golang/protobuf v1.2.0
go: extracting gopkg.in/mgo.v2 v2.0.0-20180705113604-9856a29383ce
go: extracting github.com/beorn7/perks v0.0.0-20180321164747-3a771d992973
go: extracting github.com/prometheus/client_model v0.0.0-20180712105110-5c3871d89910
go: extracting github.com/prometheus/common v0.0.0-20181126121408-4724e9255275
go: extracting github.com/prometheus/procfs v0.0.0-20181204211112-1dc9a6cbc91a
go: downloading github.com/matttproud/golang_protobuf_extensions v1.0.1
go: extracting github.com/matttproud/golang_protobuf_extensions v1.0.1
go: extracting github.com/golang/protobuf v1.2.0
CGO_ENABLED=0 GO15VENDOREXPERIMENT=1 go build -ldflags '' -o bin/go-demo-6 main.go

Showing logs for build [32mvfarcic-go-demo-6-master-releas-rlktx-13[0m stage [32mfrom-build-pack[0m and container [32mstep-build-container-build[0m
[36mINFO[0m[0000] No base image, nothing to extract            
[36mINFO[0m[0000] cmd: EXPOSE                                  
[36mINFO[0m[0000] Adding exposed port: 8080/tcp                
[36mINFO[0m[0000] Using files from context: [/workspace/source/bin] 
[36mINFO[0m[0000] Skipping unpacking as no commands require it. 
[36mINFO[0m[0000] Taking snapshot of full filesystem...        
[36mINFO[0m[0000] EXPOSE 8080                                  
[36mINFO[0m[0000] cmd: EXPOSE                                  
[36mINFO[0m[0000] Adding exposed port: 8080/tcp                
[36mINFO[0m[0000] No files changed in this command, skipping snapshotting. 
[36mINFO[0m[0000] ENTRYPOINT ["/go-demo-6"]                    
[36mINFO[0m[0000] No files changed in this command, skipping snapshotting. 
[36mINFO[0m[0000] Using files from context: [/workspace/source/bin] 
[36mINFO[0m[0000] COPY ./bin/ /                                
[36mINFO[0m[0000] Taking snapshot of files...                  
2019/12/01 01:47:59 pushed blob: sha256:b2f31665e44f8782807f81367e6f733cf71f53bd36116665680761c8e70323c1
2019/12/01 01:48:00 pushed blob: sha256:e38656f2ce3867a3588e3131efb8ad223fad87b8a0ee59c748329b036e8111f6
2019/12/01 01:48:00 036548781187.dkr.ecr.us-east-1.amazonaws.com/*******/go-demo-6:1.0.432: digest: sha256:8bba569751f02cc1a5dbd0b678a517fbc416515de0377854156e56da6d7641c7 size: 428

Showing logs for build [32mvfarcic-go-demo-6-master-releas-rlktx-13[0m stage [32mfrom-build-pack[0m and container [32mstep-build-post-build[0m
no CVE provider running in the current ** namespace so skip adding image to be analysed

Showing logs for build [32mvfarcic-go-demo-6-master-releas-rlktx-13[0m stage [32mfrom-build-pack[0m and container [32mstep-promote-changelog[0m
Converted /workspace/source/charts/go-demo-6 to an unshallow repository
Generating change log from git ref 4bb3eb20d091f5e79c526b4697685e5d34dd3fba => aaa0ef460df315d559a2a6171980900ab72c6a50
WARNING: No release found for *******/go-demo-6 and tag v1.0.432 so creating a new release
Updated the release information at https://github.com/*******/go-demo-6/releases/tag/v1.0.432
generated: /workspace/source/charts/go-demo-6/templates/release.yaml
Created Release go-demo-6-1-0-432 resource in namespace **
Updating PipelineActivity *******-go-demo-6-master-13 with version 1.0.432
Updated PipelineActivities *******-go-demo-6-master-13 with release notes URL: https://github.com/*******/go-demo-6/releases/tag/v1.0.432

Showing logs for build [32mvfarcic-go-demo-6-master-releas-rlktx-13[0m stage [32mfrom-build-pack[0m and container [32mstep-promote-helm-release[0m
WARNING: No $CHART_REPOSITORY defined so using the default value of: http://jenkins-x-chartmuseum:8080
Adding missing Helm repo: storage.googleapis.com https://storage.googleapis.com/chartmuseum.jenkins-x.io
Successfully added Helm repository storage.googleapis.com.
Adding missing Helm repo: jenkins-x-chartmuseum http://jenkins-x-chartmuseum:8080
Successfully added Helm repository jenkins-x-chartmuseum.
WARNING: No $CHART_REPOSITORY defined so using the default value of: http://jenkins-x-chartmuseum:8080
WARNING: No $CHART_REPOSITORY defined so using the default value of: http://jenkins-x-chartmuseum:8080
Uploading chart file go-demo-6-1.0.432.tgz to http://jenkins-x-chartmuseum:8080/api/charts
Received 201 response: {"saved":true}

Showing logs for build [32mvfarcic-go-demo-6-master-releas-rlktx-13[0m stage [32mfrom-build-pack[0m and container [32mstep-promote-jx-promote[0m
WARNING: prow based install so skip waiting for the merge of Pull Requests to go green as currently there is an issue with gettingstatuses from the PR, see https://github.com/jenkins-x/**/issues/2410
WARNING: No $CHART_REPOSITORY defined so using the default value of: http://jenkins-x-chartmuseum:8080
Promoting app go-demo-6 version 1.0.432 to namespace **-staging
Created Pull Request: https://github.com/*******/environment-**-rocks-staging/pull/17
got git provider status pending from PR https://github.com/*******/environment-**-rocks-staging/pull/17
got git provider status pending from PR https://github.com/*******/environment-**-rocks-staging/pull/17
got git provider status pending from PR https://github.com/*******/environment-**-rocks-staging/pull/17
got git provider status pending from PR https://github.com/*******/environment-**-rocks-staging/pull/17
Pull Request https://github.com/*******/environment-**-rocks-staging/pull/17 is merged at sha e92004416ecc76e66594566767bffeffe615bc4f
Pull Request merged but we are not waiting for the update pipeline to complete!
