
Showing logs for build [32mvfarcic-go-demo-6-master-releas-2bz9m-3[0m stage [32mfrom-build-pack[0m and container [32mstep-credential-initializer-dj42h[0m
{"level":"warn","ts":1575155166.1282785,"logger":"fallback-logger","caller":"logging/config.go:69","msg":"Fetch GitHub commit ID from kodata failed: \"ref: refs/heads/master\" is not a valid GitHub commit ID"}
{"level":"info","ts":1575155166.128622,"logger":"fallback-logger","caller":"creds-init/main.go:40","msg":"Credentials initialized."}

Showing logs for build [32mvfarcic-go-demo-6-master-releas-2bz9m-3[0m stage [32mfrom-build-pack[0m and container [32mstep-working-dir-initializer-2mfnv[0m
{"level":"warn","ts":1575155167.07233,"logger":"fallback-logger","caller":"logging/config.go:69","msg":"Fetch GitHub commit ID from kodata failed: open /var/run/ko/HEAD: no such file or directory"}
{"level":"info","ts":1575155167.074485,"logger":"fallback-logger","caller":"bash/main.go:65","msg":"Successfully executed command \"mkdir -p /workspace/source\""}

Showing logs for build [32mvfarcic-go-demo-6-master-releas-2bz9m-3[0m stage [32mfrom-build-pack[0m and container [32mstep-place-tools[0m

Showing logs for build [32mvfarcic-go-demo-6-master-releas-2bz9m-3[0m stage [32mfrom-build-pack[0m and container [32mstep-git-source-vfarcic-go-demo-6-master-releas-q2jxf[0m
{"level":"warn","ts":1575155173.1626754,"logger":"fallback-logger","caller":"logging/config.go:69","msg":"Fetch GitHub commit ID from kodata failed: \"ref: refs/heads/master\" is not a valid GitHub commit ID"}
{"level":"info","ts":1575155173.3974085,"logger":"fallback-logger","caller":"git/git.go:102","msg":"Successfully cloned https://github.com/*******/go-demo-6.git @ v1.0.426 in path /workspace/source"}

Showing logs for build [32mvfarcic-go-demo-6-master-releas-2bz9m-3[0m stage [32mfrom-build-pack[0m and container [32mstep-git-merge[0m
Unable to retrieve container logs for docker://df4060b3f3731ea57ac8cf7793173a1e3d5e80d34d2244993733da5ed3cae01c

Showing logs for build [32mvfarcic-go-demo-6-master-releas-2bz9m-3[0m stage [32mfrom-build-pack[0m and container [32mstep-setup-jx-git-credentials[0m
Unable to retrieve container logs for docker://41cbb7bd28be9d8e28e78ea737652f5e6823ec13b084b2616338605e72efdf33

Showing logs for build [32mvfarcic-go-demo-6-master-releas-2bz9m-3[0m stage [32mfrom-build-pack[0m and container [32mstep-build-make-build[0m
Unable to retrieve container logs for docker://45b02383b8438ed10061a6cc5ccac35f144d4ffa2008cb185114251e1fe7326a

Showing logs for build [32mvfarcic-go-demo-6-master-releas-2bz9m-3[0m stage [32mfrom-build-pack[0m and container [32mstep-build-container-build[0m
Unable to retrieve container logs for docker://fea17d925574cd7b70c22a2a2070b7794cd3af3acc614b2ad2ddf44f34fa2dc9

Showing logs for build [32mvfarcic-go-demo-6-master-releas-2bz9m-3[0m stage [32mfrom-build-pack[0m and container [32mstep-build-post-build[0m
Unable to retrieve container logs for docker://5e5efa34533781b8ca940d19a7d012be0b7dbcb083653ce38ea973adc87a8709

Showing logs for build [32mvfarcic-go-demo-6-master-releas-2bz9m-3[0m stage [32mfrom-build-pack[0m and container [32mstep-promote-changelog[0m
Unable to retrieve container logs for docker://1dc1d7c6dc74ceceaac5eaf3258e5dabba22b2388ac25181b26d5930ac90cff2

Showing logs for build [32mvfarcic-go-demo-6-master-releas-2bz9m-3[0m stage [32mfrom-build-pack[0m and container [32mstep-promote-helm-release[0m
Unable to retrieve container logs for docker://00447a806dbf40a4352eff28f1349698560717b24196797a518f391d5bf807ab

Showing logs for build [32mvfarcic-go-demo-6-master-releas-2bz9m-3[0m stage [32mfrom-build-pack[0m and container [32mstep-promote-jx-promote[0m
Unable to retrieve container logs for docker://dec4753d80fbefe0ebadc06ee1c6495783f88c1872c1a644de0d2f98559b0cbd
[31m
Pipeline failed on stage 'from-build-pack' : container 'step-promote-jx-promote'. The execution of the pipeline has stopped.[0m
